C:\Program Files\Microsoft Visual Studio\2022\Community\MSBuild\Microsoft\VC\v170\Microsoft.CppBuild.targets(531,5): warning MSB8028: The intermediate directory (x64\Release\) contains files shared from another project (PavMa.vcxproj, PavMan.vcxproj).  This can lead to incorrect clean and rebuild behavior.
  Food.cpp
  Main.cpp
C:\Program Files\Microsoft Visual Studio\2022\Community\VC\Tools\MSVC\14.39.33519\include\xmemory(727,103): warning C4244: 'argument': conversion from '_Ty' to 'float', possible loss of data
C:\Program Files\Microsoft Visual Studio\2022\Community\VC\Tools\MSVC\14.39.33519\include\xmemory(727,103): warning C4244:         with
C:\Program Files\Microsoft Visual Studio\2022\Community\VC\Tools\MSVC\14.39.33519\include\xmemory(727,103): warning C4244:         [
C:\Program Files\Microsoft Visual Studio\2022\Community\VC\Tools\MSVC\14.39.33519\include\xmemory(727,103): warning C4244:             _Ty=int
C:\Program Files\Microsoft Visual Studio\2022\Community\VC\Tools\MSVC\14.39.33519\include\xmemory(727,103): warning C4244:         ]
  (compiling source file 'Main.cpp')
  C:\Program Files\Microsoft Visual Studio\2022\Community\VC\Tools\MSVC\14.39.33519\include\xmemory(727,103):
  the template instantiation context (the oldest one first) is
  	C:\Users\MH\Downloads\Pacman-final\Project1\Project1\Main.cpp(445,27):
  	see reference to function template instantiation 'void std::vector<Food,std::allocator<Food>>::emplace_back<int,int,int>(int &&,int &&,int &&)' being compiled
  	C:\Program Files\Microsoft Visual Studio\2022\Community\VC\Tools\MSVC\14.39.33519\include\vector(862,24):
  	see reference to function template instantiation '_Ty &std::vector<_Ty,std::allocator<_Ty>>::_Emplace_one_at_back<int,int,int>(int &&,int &&,int &&)' being compiled
          with
          [
              _Ty=Food
          ]
  	C:\Program Files\Microsoft Visual Studio\2022\Community\VC\Tools\MSVC\14.39.33519\include\vector(780,20):
  	see reference to function template instantiation '_Ty &std::vector<_Ty,std::allocator<_Ty>>::_Emplace_back_with_unused_capacity<int,int,int>(int &&,int &&,int &&)' being compiled
          with
          [
              _Ty=Food
          ]
  	C:\Program Files\Microsoft Visual Studio\2022\Community\VC\Tools\MSVC\14.39.33519\include\vector(798,27):
  	see reference to function template instantiation 'void std::_Default_allocator_traits<_Alloc>::construct<_Ty,int,int,int>(_Alloc &,_Objty *const ,int &&,int &&,int &&)' being compiled
          with
          [
              _Alloc=std::allocator<Food>,
              _Ty=Food,
              _Objty=Food
          ]
  
  Generating code
  Previous IPDB and IOBJ mismatch, fall back to full compilation.
C:\Users\MH\Downloads\Pacman-final\Project1\Project1\Food.cpp(72): warning C4715: 'Food::eatFood': not all control paths return a value
  All 708 functions were compiled because no usable IPDB/IOBJ from previous compilation was found.
  Finished generating code
  Project1.vcxproj -> C:\Users\MH\Downloads\Pacman-final\Project1\x64\Release\Pacman.exe
